<?xml version="1.0" encoding="UTF-8"?>
<!-- Generated by org.testng.reporters.JUnitReportReporter -->
<testsuite hostname="LAPTOP-1S53FNRU" failures="0" tests="1" name="Way2AutomationTestLayerPackage.InteractionPageTest" time="24.161" errors="0" timestamp="2020-04-29T00:17:55 IST" skipped="0">
  <testcase classname="Way2AutomationTestLayerPackage.InteractionPageTest" name="shoppingcartadd" time="24.161"/>
</testsuite> <!-- Way2AutomationTestLayerPackage.InteractionPageTest -->
