<?xml version="1.0" encoding="UTF-8"?>
<!-- Generated by org.testng.reporters.JUnitReportReporter -->
<testsuite hostname="LAPTOP-1S53FNRU" failures="0" tests="1" name="Way2AutomationTestLayerPackage.AlertTestJava" time="29.074" errors="0" timestamp="2020-05-03T10:42:57 IST" skipped="0">
  <testcase classname="Way2AutomationTestLayerPackage.AlertTestJava" name="VerifyInputAlertBox" time="29.074"/>
</testsuite> <!-- Way2AutomationTestLayerPackage.AlertTestJava -->
