<?xml version="1.0" encoding="UTF-8"?>
<!-- Generated by org.testng.reporters.JUnitReportReporter -->
<testsuite hostname="LAPTOP-1S53FNRU" failures="0" tests="2" name="Way2AutomationTestLayerPackage.FrameandWindow" time="44.025" errors="0" timestamp="2020-05-01T19:51:21 IST" skipped="0">
  <testcase classname="Way2AutomationTestLayerPackage.FrameandWindow" name="VerifyNewBrowser" time="19.341"/>
  <testcase classname="Way2AutomationTestLayerPackage.FrameandWindow" name="VerifyOpenMultipleWindow" time="24.684"/>
</testsuite> <!-- Way2AutomationTestLayerPackage.FrameandWindow -->
