<?xml version="1.0" encoding="UTF-8"?>
<!-- Generated by org.testng.reporters.JUnitReportReporter -->
<testsuite hostname="LAPTOP-1S53FNRU" failures="0" tests="1" name="Way2AutomationTestLayerPackage.RegistrationTestClass" time="24.039" errors="0" timestamp="2020-05-03T12:11:02 IST" skipped="0">
  <testcase classname="Way2AutomationTestLayerPackage.RegistrationTestClass" name="RegistrationPageTest" time="24.039"/>
</testsuite> <!-- Way2AutomationTestLayerPackage.RegistrationTestClass -->
