<?xml version="1.0" encoding="UTF-8"?>
<!-- Generated by org.testng.reporters.JUnitReportReporter -->
<testsuite hostname="LAPTOP-1S53FNRU" failures="0" tests="3" name="Way2AutomationTestLayerPackage.WidgetTabTest" time="54.976" errors="0" timestamp="2020-05-01T19:46:45 IST" skipped="0">
  <testcase classname="Way2AutomationTestLayerPackage.WidgetTabTest" name="SliderMethodTest" time="17.850"/>
  <testcase classname="Way2AutomationTestLayerPackage.WidgetTabTest" name="verifyCalenderTest" time="19.787"/>
  <testcase classname="Way2AutomationTestLayerPackage.WidgetTabTest" name="VerifyAutocompleTest" time="17.339"/>
</testsuite> <!-- Way2AutomationTestLayerPackage.WidgetTabTest -->
