<?xml version="1.0" encoding="UTF-8"?>
<!-- Generated by org.testng.reporters.JUnitReportReporter -->
<testsuite hostname="LAPTOP-1S53FNRU" failures="0" tests="2" name="TestHome" time="27.174" errors="0" timestamp="2020-04-27T23:08:24 IST" skipped="0">
  <testcase classname="TestHome" name="QUIT" time="13.644"/>
  <testcase classname="TestHome" name="VerifyNooflins" time="13.530"/>
</testsuite> <!-- TestHome -->
