<?xml version="1.0" encoding="UTF-8"?>
<!-- Generated by org.testng.reporters.JUnitReportReporter -->
<testsuite hostname="LAPTOP-1S53FNRU" failures="0" tests="1" name="Way2AutomationTestLayerPackage.DynamicElementTest" time="19.289" errors="0" timestamp="2020-05-01T22:23:46 IST" skipped="0">
  <testcase classname="Way2AutomationTestLayerPackage.DynamicElementTest" name="DropDownSelectCountry" time="19.289"/>
</testsuite> <!-- Way2AutomationTestLayerPackage.DynamicElementTest -->
