<?xml version="1.0" encoding="UTF-8"?>
<!-- Generated by org.testng.reporters.JUnitReportReporter -->
<testsuite hostname="LAPTOP-1S53FNRU" failures="0" tests="1" name="Way2AutomationTestLayerPackage.TestHome" time="11.407" errors="0" timestamp="2020-04-28T21:31:40 IST" skipped="0">
  <testcase classname="Way2AutomationTestLayerPackage.TestHome" name="VeryHomeLink" time="11.407"/>
</testsuite> <!-- Way2AutomationTestLayerPackage.TestHome -->
